Performing C SOURCE FILE Test CMAKE_HAVE_LIBC_PTHREAD succeeded with the following output:
Change Dir: /home/daisy/Phoenix-Linux-SocketCAN-Example/build/CMakeFiles/CMakeScratch/TryCompile-JhwY0q

Run Build Command(s):/usr/bin/gmake -f Makefile cmTC_4862e/fast && /usr/bin/gmake  -f CMakeFiles/cmTC_4862e.dir/build.make CMakeFiles/cmTC_4862e.dir/build
gmake[1]: Entering directory '/home/daisy/Phoenix-Linux-SocketCAN-Example/build/CMakeFiles/CMakeScratch/TryCompile-JhwY0q'
Building C object CMakeFiles/cmTC_4862e.dir/src.c.o
/usr/bin/cc -DCMAKE_HAVE_LIBC_PTHREAD   -o CMakeFiles/cmTC_4862e.dir/src.c.o -c /home/daisy/Phoenix-Linux-SocketCAN-Example/build/CMakeFiles/CMakeScratch/TryCompile-JhwY0q/src.c
Linking C executable cmTC_4862e
/usr/bin/cmake -E cmake_link_script CMakeFiles/cmTC_4862e.dir/link.txt --verbose=1
/usr/bin/cc -rdynamic CMakeFiles/cmTC_4862e.dir/src.c.o -o cmTC_4862e 
gmake[1]: Leaving directory '/home/daisy/Phoenix-Linux-SocketCAN-Example/build/CMakeFiles/CMakeScratch/TryCompile-JhwY0q'


Source file was:
#include <pthread.h>

static void* test_func(void* data)
{
  return data;
}

int main(void)
{
  pthread_t thread;
  pthread_create(&thread, NULL, test_func, NULL);
  pthread_detach(thread);
  pthread_cancel(thread);
  pthread_join(thread, NULL);
  pthread_atfork(NULL, NULL, NULL);
  pthread_exit(NULL);

  return 0;
}


